CRITICAL - 2023-02-13 01:08:52 --> Invalid file: "libros/listars.php"
in SYSTEMPATH\Exceptions\FrameworkException.php on line 33.
 1 SYSTEMPATH\View\View.php(201): CodeIgniter\Exceptions\FrameworkException::forInvalidFile('libros/listars.php')
 2 SYSTEMPATH\Common.php(1177): CodeIgniter\View\View->render('libros/listars', [], true)
 3 APPPATH\Controllers\Libros.php(8): view('libros/listars')
 4 SYSTEMPATH\CodeIgniter.php(934): App\Controllers\Libros->index()
 5 SYSTEMPATH\CodeIgniter.php(499): CodeIgniter\CodeIgniter->runController(Object(App\Controllers\Libros))
 6 SYSTEMPATH\CodeIgniter.php(368): CodeIgniter\CodeIgniter->handleRequest(null, Object(Config\Cache), false)
 7 FCPATH\index.php(67): CodeIgniter\CodeIgniter->run()
CRITICAL - 2023-02-13 01:56:05 --> Undefined variable $proyecto
in APPPATH\Views\libros\listar.php on line 29.
 1 APPPATH\Views\libros\listar.php(29): CodeIgniter\Debug\Exceptions->errorHandler(2, 'Undefined variable $proyecto', 'APPPATH\\Views\\libros\\listar.php', 29)
 2 SYSTEMPATH\View\View.php(213): include('APPPATH\\Views\\libros\\listar.php')
 3 SYSTEMPATH\View\View.php(216): CodeIgniter\View\View->CodeIgniter\View\{closure}()
 4 SYSTEMPATH\Common.php(1177): CodeIgniter\View\View->render('libros/listar', [], true)
 5 APPPATH\Controllers\Libros.php(10): view('libros/listar', [...])
 6 SYSTEMPATH\CodeIgniter.php(934): App\Controllers\Libros->index()
 7 SYSTEMPATH\CodeIgniter.php(499): CodeIgniter\CodeIgniter->runController(Object(App\Controllers\Libros))
 8 SYSTEMPATH\CodeIgniter.php(368): CodeIgniter\CodeIgniter->handleRequest(null, Object(Config\Cache), false)
 9 FCPATH\index.php(67): CodeIgniter\CodeIgniter->run()
CRITICAL - 2023-02-13 02:17:48 --> include(cabecera.php): Failed to open stream: No such file or directory
in APPPATH\Views\libros\listar.php on line 1.
 1 APPPATH\Views\libros\listar.php(1): CodeIgniter\Debug\Exceptions->errorHandler(2, 'include(cabecera.php): Failed to open stream: No such file or directory', 'APPPATH\\Views\\libros\\listar.php', 1)
 2 APPPATH\Views\libros\listar.php(1): include()
 3 SYSTEMPATH\View\View.php(213): include('APPPATH\\Views\\libros\\listar.php')
 4 SYSTEMPATH\View\View.php(216): CodeIgniter\View\View->CodeIgniter\View\{closure}()
 5 SYSTEMPATH\Common.php(1177): CodeIgniter\View\View->render('libros/listar', [], true)
 6 APPPATH\Controllers\Libros.php(10): view('libros/listar', [...])
 7 SYSTEMPATH\CodeIgniter.php(934): App\Controllers\Libros->index()
 8 SYSTEMPATH\CodeIgniter.php(499): CodeIgniter\CodeIgniter->runController(Object(App\Controllers\Libros))
 9 SYSTEMPATH\CodeIgniter.php(368): CodeIgniter\CodeIgniter->handleRequest(null, Object(Config\Cache), false)
10 FCPATH\index.php(67): CodeIgniter\CodeIgniter->run()
CRITICAL - 2023-02-13 02:18:01 --> include(cabecera.php): Failed to open stream: No such file or directory
in APPPATH\Views\libros\listar.php on line 1.
 1 APPPATH\Views\libros\listar.php(1): CodeIgniter\Debug\Exceptions->errorHandler(2, 'include(cabecera.php): Failed to open stream: No such file or directory', 'APPPATH\\Views\\libros\\listar.php', 1)
 2 APPPATH\Views\libros\listar.php(1): include()
 3 SYSTEMPATH\View\View.php(213): include('APPPATH\\Views\\libros\\listar.php')
 4 SYSTEMPATH\View\View.php(216): CodeIgniter\View\View->CodeIgniter\View\{closure}()
 5 SYSTEMPATH\Common.php(1177): CodeIgniter\View\View->render('libros/listar', [], true)
 6 APPPATH\Controllers\Libros.php(10): view('libros/listar', [...])
 7 SYSTEMPATH\CodeIgniter.php(934): App\Controllers\Libros->index()
 8 SYSTEMPATH\CodeIgniter.php(499): CodeIgniter\CodeIgniter->runController(Object(App\Controllers\Libros))
 9 SYSTEMPATH\CodeIgniter.php(368): CodeIgniter\CodeIgniter->handleRequest(null, Object(Config\Cache), false)
10 FCPATH\index.php(67): CodeIgniter\CodeIgniter->run()
CRITICAL - 2023-02-13 03:40:18 --> unlink(../public/uploads1676258224_7b3d178f2c4213d799e1.jpg): No such file or directory
in APPPATH\Controllers\Libros.php on line 41.
 1 [internal function]: CodeIgniter\Debug\Exceptions->errorHandler(2, 'unlink(../public/uploads1676258224_7b3d178f2c4213d799e1.jpg): No such file or directory', 'APPPATH\\Controllers\\Libros.php', 41)
 2 APPPATH\Controllers\Libros.php(41): unlink('../public/uploads1676258224_7b3d178f2c4213d799e1.jpg')
 3 SYSTEMPATH\CodeIgniter.php(934): App\Controllers\Libros->borrar('3')
 4 SYSTEMPATH\CodeIgniter.php(499): CodeIgniter\CodeIgniter->runController(Object(App\Controllers\Libros))
 5 SYSTEMPATH\CodeIgniter.php(368): CodeIgniter\CodeIgniter->handleRequest(null, Object(Config\Cache), false)
 6 FCPATH\index.php(67): CodeIgniter\CodeIgniter->run()
CRITICAL - 2023-02-13 03:42:04 --> unlink(../public/uploads1676258224_7b3d178f2c4213d799e1.jpg): No such file or directory
in APPPATH\Controllers\Libros.php on line 41.
 1 [internal function]: CodeIgniter\Debug\Exceptions->errorHandler(2, 'unlink(../public/uploads1676258224_7b3d178f2c4213d799e1.jpg): No such file or directory', 'APPPATH\\Controllers\\Libros.php', 41)
 2 APPPATH\Controllers\Libros.php(41): unlink('../public/uploads1676258224_7b3d178f2c4213d799e1.jpg')
 3 SYSTEMPATH\CodeIgniter.php(934): App\Controllers\Libros->borrar('3')
 4 SYSTEMPATH\CodeIgniter.php(499): CodeIgniter\CodeIgniter->runController(Object(App\Controllers\Libros))
 5 SYSTEMPATH\CodeIgniter.php(368): CodeIgniter\CodeIgniter->handleRequest(null, Object(Config\Cache), false)
 6 FCPATH\index.php(67): CodeIgniter\CodeIgniter->run()
CRITICAL - 2023-02-13 03:42:10 --> unlink(../public/uploads1676258224_7b3d178f2c4213d799e1.jpg): No such file or directory
in APPPATH\Controllers\Libros.php on line 41.
 1 [internal function]: CodeIgniter\Debug\Exceptions->errorHandler(2, 'unlink(../public/uploads1676258224_7b3d178f2c4213d799e1.jpg): No such file or directory', 'APPPATH\\Controllers\\Libros.php', 41)
 2 APPPATH\Controllers\Libros.php(41): unlink('../public/uploads1676258224_7b3d178f2c4213d799e1.jpg')
 3 SYSTEMPATH\CodeIgniter.php(934): App\Controllers\Libros->borrar('3')
 4 SYSTEMPATH\CodeIgniter.php(499): CodeIgniter\CodeIgniter->runController(Object(App\Controllers\Libros))
 5 SYSTEMPATH\CodeIgniter.php(368): CodeIgniter\CodeIgniter->handleRequest(null, Object(Config\Cache), false)
 6 FCPATH\index.php(67): CodeIgniter\CodeIgniter->run()
CRITICAL - 2023-02-13 03:43:18 --> unlink(../public/uploads/1676258224_7b3d178f2c4213d799e1.jpg): No such file or directory
in APPPATH\Controllers\Libros.php on line 43.
 1 [internal function]: CodeIgniter\Debug\Exceptions->errorHandler(2, 'unlink(../public/uploads/1676258224_7b3d178f2c4213d799e1.jpg): No such file or directory', 'APPPATH\\Controllers\\Libros.php', 43)
 2 APPPATH\Controllers\Libros.php(43): unlink('../public/uploads/1676258224_7b3d178f2c4213d799e1.jpg')
 3 SYSTEMPATH\CodeIgniter.php(934): App\Controllers\Libros->borrar('3')
 4 SYSTEMPATH\CodeIgniter.php(499): CodeIgniter\CodeIgniter->runController(Object(App\Controllers\Libros))
 5 SYSTEMPATH\CodeIgniter.php(368): CodeIgniter\CodeIgniter->handleRequest(null, Object(Config\Cache), false)
 6 FCPATH\index.php(67): CodeIgniter\CodeIgniter->run()
CRITICAL - 2023-02-13 03:43:36 --> unlink(../public/uploads/Php.jpg): No such file or directory
in APPPATH\Controllers\Libros.php on line 43.
 1 [internal function]: CodeIgniter\Debug\Exceptions->errorHandler(2, 'unlink(../public/uploads/Php.jpg): No such file or directory', 'APPPATH\\Controllers\\Libros.php', 43)
 2 APPPATH\Controllers\Libros.php(43): unlink('../public/uploads/Php.jpg')
 3 SYSTEMPATH\CodeIgniter.php(934): App\Controllers\Libros->borrar('2')
 4 SYSTEMPATH\CodeIgniter.php(499): CodeIgniter\CodeIgniter->runController(Object(App\Controllers\Libros))
 5 SYSTEMPATH\CodeIgniter.php(368): CodeIgniter\CodeIgniter->handleRequest(null, Object(Config\Cache), false)
 6 FCPATH\index.php(67): CodeIgniter\CodeIgniter->run()
CRITICAL - 2023-02-13 03:45:55 --> unlink(../public/uploads/1676258224_7b3d178f2c4213d799e1.jpg): No such file or directory
in APPPATH\Controllers\Libros.php on line 43.
 1 [internal function]: CodeIgniter\Debug\Exceptions->errorHandler(2, 'unlink(../public/uploads/1676258224_7b3d178f2c4213d799e1.jpg): No such file or directory', 'APPPATH\\Controllers\\Libros.php', 43)
 2 APPPATH\Controllers\Libros.php(43): unlink('../public/uploads/1676258224_7b3d178f2c4213d799e1.jpg')
 3 SYSTEMPATH\CodeIgniter.php(934): App\Controllers\Libros->borrar('3')
 4 SYSTEMPATH\CodeIgniter.php(499): CodeIgniter\CodeIgniter->runController(Object(App\Controllers\Libros))
 5 SYSTEMPATH\CodeIgniter.php(368): CodeIgniter\CodeIgniter->handleRequest(null, Object(Config\Cache), false)
 6 FCPATH\index.php(67): CodeIgniter\CodeIgniter->run()
CRITICAL - 2023-02-13 03:47:31 --> unlink(../public/uploads): Is a directory
in APPPATH\Controllers\Libros.php on line 43.
 1 [internal function]: CodeIgniter\Debug\Exceptions->errorHandler(2, 'unlink(../public/uploads): Is a directory', 'APPPATH\\Controllers\\Libros.php', 43)
 2 APPPATH\Controllers\Libros.php(43): unlink('FCPATH\\uploads')
 3 SYSTEMPATH\CodeIgniter.php(934): App\Controllers\Libros->borrar('3')
 4 SYSTEMPATH\CodeIgniter.php(499): CodeIgniter\CodeIgniter->runController(Object(App\Controllers\Libros))
 5 SYSTEMPATH\CodeIgniter.php(368): CodeIgniter\CodeIgniter->handleRequest(null, Object(Config\Cache), false)
 6 FCPATH\index.php(67): CodeIgniter\CodeIgniter->run()
CRITICAL - 2023-02-13 03:50:06 --> unlink(..\public): Is a directory
in APPPATH\Controllers\Libros.php on line 43.
 1 [internal function]: CodeIgniter\Debug\Exceptions->errorHandler(2, 'unlink(..\\public): Is a directory', 'APPPATH\\Controllers\\Libros.php', 43)
 2 APPPATH\Controllers\Libros.php(43): unlink('ROOTPATH\\public')
 3 SYSTEMPATH\CodeIgniter.php(934): App\Controllers\Libros->borrar('3')
 4 SYSTEMPATH\CodeIgniter.php(499): CodeIgniter\CodeIgniter->runController(Object(App\Controllers\Libros))
 5 SYSTEMPATH\CodeIgniter.php(368): CodeIgniter\CodeIgniter->handleRequest(null, Object(Config\Cache), false)
 6 FCPATH\index.php(67): CodeIgniter\CodeIgniter->run()
CRITICAL - 2023-02-13 03:50:19 --> unlink(..\public\uploads1676258224_7b3d178f2c4213d799e1.jpg): No such file or directory
in APPPATH\Controllers\Libros.php on line 43.
 1 [internal function]: CodeIgniter\Debug\Exceptions->errorHandler(2, 'unlink(..\\public\\uploads1676258224_7b3d178f2c4213d799e1.jpg): No such file or directory', 'APPPATH\\Controllers\\Libros.php', 43)
 2 APPPATH\Controllers\Libros.php(43): unlink('..\\public\\uploads1676258224_7b3d178f2c4213d799e1.jpg')
 3 SYSTEMPATH\CodeIgniter.php(934): App\Controllers\Libros->borrar('3')
 4 SYSTEMPATH\CodeIgniter.php(499): CodeIgniter\CodeIgniter->runController(Object(App\Controllers\Libros))
 5 SYSTEMPATH\CodeIgniter.php(368): CodeIgniter\CodeIgniter->handleRequest(null, Object(Config\Cache), false)
 6 FCPATH\index.php(67): CodeIgniter\CodeIgniter->run()
CRITICAL - 2023-02-13 03:58:23 --> unlink(./public/uploads/1676258224_7b3d178f2c4213d799e1.jpg): No such file or directory
in APPPATH\Controllers\Libros.php on line 43.
 1 [internal function]: CodeIgniter\Debug\Exceptions->errorHandler(2, 'unlink(./public/uploads/1676258224_7b3d178f2c4213d799e1.jpg): No such file or directory', 'APPPATH\\Controllers\\Libros.php', 43)
 2 APPPATH\Controllers\Libros.php(43): unlink('./public/uploads/1676258224_7b3d178f2c4213d799e1.jpg')
 3 SYSTEMPATH\CodeIgniter.php(934): App\Controllers\Libros->borrar('3')
 4 SYSTEMPATH\CodeIgniter.php(499): CodeIgniter\CodeIgniter->runController(Object(App\Controllers\Libros))
 5 SYSTEMPATH\CodeIgniter.php(368): CodeIgniter\CodeIgniter->handleRequest(null, Object(Config\Cache), false)
 6 FCPATH\index.php(67): CodeIgniter\CodeIgniter->run()
CRITICAL - 2023-02-13 04:00:59 --> unlink(../public/uploads/Php.jpg): No such file or directory
in APPPATH\Controllers\Libros.php on line 43.
 1 [internal function]: CodeIgniter\Debug\Exceptions->errorHandler(2, 'unlink(../public/uploads/Php.jpg): No such file or directory', 'APPPATH\\Controllers\\Libros.php', 43)
 2 APPPATH\Controllers\Libros.php(43): unlink('../public/uploads/Php.jpg')
 3 SYSTEMPATH\CodeIgniter.php(934): App\Controllers\Libros->borrar('2')
 4 SYSTEMPATH\CodeIgniter.php(499): CodeIgniter\CodeIgniter->runController(Object(App\Controllers\Libros))
 5 SYSTEMPATH\CodeIgniter.php(368): CodeIgniter\CodeIgniter->handleRequest(null, Object(Config\Cache), false)
 6 FCPATH\index.php(67): CodeIgniter\CodeIgniter->run()
CRITICAL - 2023-02-13 04:02:05 --> Array to string conversion
in APPPATH\Controllers\Libros.php on line 40.
 1 APPPATH\Controllers\Libros.php(40): CodeIgniter\Debug\Exceptions->errorHandler(2, 'Array to string conversion', 'APPPATH\\Controllers\\Libros.php', 40)
 2 SYSTEMPATH\CodeIgniter.php(934): App\Controllers\Libros->borrar('3')
 3 SYSTEMPATH\CodeIgniter.php(499): CodeIgniter\CodeIgniter->runController(Object(App\Controllers\Libros))
 4 SYSTEMPATH\CodeIgniter.php(368): CodeIgniter\CodeIgniter->handleRequest(null, Object(Config\Cache), false)
 5 FCPATH\index.php(67): CodeIgniter\CodeIgniter->run()
CRITICAL - 2023-02-13 04:03:43 --> unlink(D:\wamp64\www\biblioteca\public\uploads1676261020_22854ace7b969a1c1db8.jpg): No such file or directory
in APPPATH\Controllers\Libros.php on line 43.
 1 [internal function]: CodeIgniter\Debug\Exceptions->errorHandler(2, 'unlink(D:\\wamp64\\www\\biblioteca\\public\\uploads1676261020_22854ace7b969a1c1db8.jpg): No such file or directory', 'APPPATH\\Controllers\\Libros.php', 43)
 2 APPPATH\Controllers\Libros.php(43): unlink('FCPATH\\uploads1676261020_22854ace7b969a1c1db8.jpg')
 3 SYSTEMPATH\CodeIgniter.php(934): App\Controllers\Libros->borrar('4')
 4 SYSTEMPATH\CodeIgniter.php(499): CodeIgniter\CodeIgniter->runController(Object(App\Controllers\Libros))
 5 SYSTEMPATH\CodeIgniter.php(368): CodeIgniter\CodeIgniter->handleRequest(null, Object(Config\Cache), false)
 6 FCPATH\index.php(67): CodeIgniter\CodeIgniter->run()
CRITICAL - 2023-02-13 04:23:28 --> unlink(../public/uploads1676261971_d2501f560d72eb005a9b.jpg): No such file or directory
in APPPATH\Controllers\Libros.php on line 45.
 1 [internal function]: CodeIgniter\Debug\Exceptions->errorHandler(2, 'unlink(../public/uploads1676261971_d2501f560d72eb005a9b.jpg): No such file or directory', 'APPPATH\\Controllers\\Libros.php', 45)
 2 APPPATH\Controllers\Libros.php(45): unlink('../public/uploads1676261971_d2501f560d72eb005a9b.jpg')
 3 SYSTEMPATH\CodeIgniter.php(934): App\Controllers\Libros->borrar('6')
 4 SYSTEMPATH\CodeIgniter.php(499): CodeIgniter\CodeIgniter->runController(Object(App\Controllers\Libros))
 5 SYSTEMPATH\CodeIgniter.php(368): CodeIgniter\CodeIgniter->handleRequest(null, Object(Config\Cache), false)
 6 FCPATH\index.php(67): CodeIgniter\CodeIgniter->run()
CRITICAL - 2023-02-13 04:27:52 --> rmdir(../public/uploads1676261971_d2501f560d72eb005a9b.jpg): No such file or directory
in APPPATH\Controllers\Libros.php on line 45.
 1 [internal function]: CodeIgniter\Debug\Exceptions->errorHandler(2, 'rmdir(../public/uploads1676261971_d2501f560d72eb005a9b.jpg): No such file or directory', 'APPPATH\\Controllers\\Libros.php', 45)
 2 APPPATH\Controllers\Libros.php(45): rmdir('../public/uploads1676261971_d2501f560d72eb005a9b.jpg')
 3 SYSTEMPATH\CodeIgniter.php(934): App\Controllers\Libros->borrar('6')
 4 SYSTEMPATH\CodeIgniter.php(499): CodeIgniter\CodeIgniter->runController(Object(App\Controllers\Libros))
 5 SYSTEMPATH\CodeIgniter.php(368): CodeIgniter\CodeIgniter->handleRequest(null, Object(Config\Cache), false)
 6 FCPATH\index.php(67): CodeIgniter\CodeIgniter->run()
CRITICAL - 2023-02-13 04:29:45 --> unlink(): Invalid argument
in APPPATH\Controllers\Libros.php on line 44.
 1 [internal function]: CodeIgniter\Debug\Exceptions->errorHandler(2, 'unlink(): Invalid argument', 'APPPATH\\Controllers\\Libros.php', 44)
 2 APPPATH\Controllers\Libros.php(44): unlink('ROOTPATH\\public')
 3 SYSTEMPATH\CodeIgniter.php(934): App\Controllers\Libros->borrar('6')
 4 SYSTEMPATH\CodeIgniter.php(499): CodeIgniter\CodeIgniter->runController(Object(App\Controllers\Libros))
 5 SYSTEMPATH\CodeIgniter.php(368): CodeIgniter\CodeIgniter->handleRequest(null, Object(Config\Cache), false)
 6 FCPATH\index.php(67): CodeIgniter\CodeIgniter->run()
CRITICAL - 2023-02-13 13:21:05 --> unlink(../public/uploads/1676294463_e66f2b7c538d94ae06a9.jpg): No such file or directory
in APPPATH\Controllers\Libros.php on line 45.
 1 [internal function]: CodeIgniter\Debug\Exceptions->errorHandler(2, 'unlink(../public/uploads/1676294463_e66f2b7c538d94ae06a9.jpg): No such file or directory', 'APPPATH\\Controllers\\Libros.php', 45)
 2 APPPATH\Controllers\Libros.php(45): unlink('../public/uploads/1676294463_e66f2b7c538d94ae06a9.jpg')
 3 SYSTEMPATH\CodeIgniter.php(934): App\Controllers\Libros->borrar('9')
 4 SYSTEMPATH\CodeIgniter.php(499): CodeIgniter\CodeIgniter->runController(Object(App\Controllers\Libros))
 5 SYSTEMPATH\CodeIgniter.php(368): CodeIgniter\CodeIgniter->handleRequest(null, Object(Config\Cache), false)
 6 FCPATH\index.php(67): CodeIgniter\CodeIgniter->run()
CRITICAL - 2023-02-13 13:23:32 --> unlink(..\public\uploads1676294463_e66f2b7c538d94ae06a9.jpg): No such file or directory
in APPPATH\Controllers\Libros.php on line 45.
 1 [internal function]: CodeIgniter\Debug\Exceptions->errorHandler(2, 'unlink(..\\public\\uploads1676294463_e66f2b7c538d94ae06a9.jpg): No such file or directory', 'APPPATH\\Controllers\\Libros.php', 45)
 2 APPPATH\Controllers\Libros.php(45): unlink('..\\public\\uploads1676294463_e66f2b7c538d94ae06a9.jpg')
 3 SYSTEMPATH\CodeIgniter.php(934): App\Controllers\Libros->borrar('9')
 4 SYSTEMPATH\CodeIgniter.php(499): CodeIgniter\CodeIgniter->runController(Object(App\Controllers\Libros))
 5 SYSTEMPATH\CodeIgniter.php(368): CodeIgniter\CodeIgniter->handleRequest(null, Object(Config\Cache), false)
 6 FCPATH\index.php(67): CodeIgniter\CodeIgniter->run()
CRITICAL - 2023-02-13 13:23:46 --> unlink(..\public\uploads\ 1676294463_e66f2b7c538d94ae06a9.jpg): No such file or directory
in APPPATH\Controllers\Libros.php on line 45.
 1 [internal function]: CodeIgniter\Debug\Exceptions->errorHandler(2, 'unlink(..\\public\\uploads\\ 1676294463_e66f2b7c538d94ae06a9.jpg): No such file or directory', 'APPPATH\\Controllers\\Libros.php', 45)
 2 APPPATH\Controllers\Libros.php(45): unlink('..\\public\\uploads\\ 1676294463_e66f2b7c538d94ae06a9.jpg')
 3 SYSTEMPATH\CodeIgniter.php(934): App\Controllers\Libros->borrar('9')
 4 SYSTEMPATH\CodeIgniter.php(499): CodeIgniter\CodeIgniter->runController(Object(App\Controllers\Libros))
 5 SYSTEMPATH\CodeIgniter.php(368): CodeIgniter\CodeIgniter->handleRequest(null, Object(Config\Cache), false)
 6 FCPATH\index.php(67): CodeIgniter\CodeIgniter->run()
CRITICAL - 2023-02-13 13:25:00 --> unlink(../biblioteca/public/uploads/ 1676294463_e66f2b7c538d94ae06a9.jpg): No such file or directory
in APPPATH\Controllers\Libros.php on line 45.
 1 [internal function]: CodeIgniter\Debug\Exceptions->errorHandler(2, 'unlink(../biblioteca/public/uploads/ 1676294463_e66f2b7c538d94ae06a9.jpg): No such file or directory', 'APPPATH\\Controllers\\Libros.php', 45)
 2 APPPATH\Controllers\Libros.php(45): unlink('../biblioteca/public/uploads/ 1676294463_e66f2b7c538d94ae06a9.jpg')
 3 SYSTEMPATH\CodeIgniter.php(934): App\Controllers\Libros->borrar('9')
 4 SYSTEMPATH\CodeIgniter.php(499): CodeIgniter\CodeIgniter->runController(Object(App\Controllers\Libros))
 5 SYSTEMPATH\CodeIgniter.php(368): CodeIgniter\CodeIgniter->handleRequest(null, Object(Config\Cache), false)
 6 FCPATH\index.php(67): CodeIgniter\CodeIgniter->run()
CRITICAL - 2023-02-13 13:25:16 --> unlink(./public/uploads/ 1676294463_e66f2b7c538d94ae06a9.jpg): No such file or directory
in APPPATH\Controllers\Libros.php on line 45.
 1 [internal function]: CodeIgniter\Debug\Exceptions->errorHandler(2, 'unlink(./public/uploads/ 1676294463_e66f2b7c538d94ae06a9.jpg): No such file or directory', 'APPPATH\\Controllers\\Libros.php', 45)
 2 APPPATH\Controllers\Libros.php(45): unlink('./public/uploads/ 1676294463_e66f2b7c538d94ae06a9.jpg')
 3 SYSTEMPATH\CodeIgniter.php(934): App\Controllers\Libros->borrar('9')
 4 SYSTEMPATH\CodeIgniter.php(499): CodeIgniter\CodeIgniter->runController(Object(App\Controllers\Libros))
 5 SYSTEMPATH\CodeIgniter.php(368): CodeIgniter\CodeIgniter->handleRequest(null, Object(Config\Cache), false)
 6 FCPATH\index.php(67): CodeIgniter\CodeIgniter->run()
CRITICAL - 2023-02-13 13:26:16 --> unlink(public\uploads1676294463_e66f2b7c538d94ae06a9.jpg): No such file or directory
in APPPATH\Controllers\Libros.php on line 45.
 1 [internal function]: CodeIgniter\Debug\Exceptions->errorHandler(2, 'unlink(public\\uploads1676294463_e66f2b7c538d94ae06a9.jpg): No such file or directory', 'APPPATH\\Controllers\\Libros.php', 45)
 2 APPPATH\Controllers\Libros.php(45): unlink('public\\uploads1676294463_e66f2b7c538d94ae06a9.jpg')
 3 SYSTEMPATH\CodeIgniter.php(934): App\Controllers\Libros->borrar('9')
 4 SYSTEMPATH\CodeIgniter.php(499): CodeIgniter\CodeIgniter->runController(Object(App\Controllers\Libros))
 5 SYSTEMPATH\CodeIgniter.php(368): CodeIgniter\CodeIgniter->handleRequest(null, Object(Config\Cache), false)
 6 FCPATH\index.php(67): CodeIgniter\CodeIgniter->run()
CRITICAL - 2023-02-13 13:26:29 --> unlink(..\public\uploads1676294463_e66f2b7c538d94ae06a9.jpg): No such file or directory
in APPPATH\Controllers\Libros.php on line 45.
 1 [internal function]: CodeIgniter\Debug\Exceptions->errorHandler(2, 'unlink(..\\public\\uploads1676294463_e66f2b7c538d94ae06a9.jpg): No such file or directory', 'APPPATH\\Controllers\\Libros.php', 45)
 2 APPPATH\Controllers\Libros.php(45): unlink('..\\public\\uploads1676294463_e66f2b7c538d94ae06a9.jpg')
 3 SYSTEMPATH\CodeIgniter.php(934): App\Controllers\Libros->borrar('9')
 4 SYSTEMPATH\CodeIgniter.php(499): CodeIgniter\CodeIgniter->runController(Object(App\Controllers\Libros))
 5 SYSTEMPATH\CodeIgniter.php(368): CodeIgniter\CodeIgniter->handleRequest(null, Object(Config\Cache), false)
 6 FCPATH\index.php(67): CodeIgniter\CodeIgniter->run()
CRITICAL - 2023-02-13 13:26:36 --> unlink(..\public\uploads1676294463_e66f2b7c538d94ae06a9.jpg): No such file or directory
in APPPATH\Controllers\Libros.php on line 45.
 1 [internal function]: CodeIgniter\Debug\Exceptions->errorHandler(2, 'unlink(..\\public\\uploads1676294463_e66f2b7c538d94ae06a9.jpg): No such file or directory', 'APPPATH\\Controllers\\Libros.php', 45)
 2 APPPATH\Controllers\Libros.php(45): unlink('..\\public\\uploads1676294463_e66f2b7c538d94ae06a9.jpg')
 3 SYSTEMPATH\CodeIgniter.php(934): App\Controllers\Libros->borrar('9')
 4 SYSTEMPATH\CodeIgniter.php(499): CodeIgniter\CodeIgniter->runController(Object(App\Controllers\Libros))
 5 SYSTEMPATH\CodeIgniter.php(368): CodeIgniter\CodeIgniter->handleRequest(null, Object(Config\Cache), false)
 6 FCPATH\index.php(67): CodeIgniter\CodeIgniter->run()
CRITICAL - 2023-02-13 13:27:04 --> unlink(../public/uploads/1676294463_e66f2b7c538d94ae06a9.jpg): No such file or directory
in APPPATH\Controllers\Libros.php on line 45.
 1 [internal function]: CodeIgniter\Debug\Exceptions->errorHandler(2, 'unlink(../public/uploads/1676294463_e66f2b7c538d94ae06a9.jpg): No such file or directory', 'APPPATH\\Controllers\\Libros.php', 45)
 2 APPPATH\Controllers\Libros.php(45): unlink('../public/uploads/1676294463_e66f2b7c538d94ae06a9.jpg')
 3 SYSTEMPATH\CodeIgniter.php(934): App\Controllers\Libros->borrar('9')
 4 SYSTEMPATH\CodeIgniter.php(499): CodeIgniter\CodeIgniter->runController(Object(App\Controllers\Libros))
 5 SYSTEMPATH\CodeIgniter.php(368): CodeIgniter\CodeIgniter->handleRequest(null, Object(Config\Cache), false)
 6 FCPATH\index.php(67): CodeIgniter\CodeIgniter->run()
CRITICAL - 2023-02-13 13:36:31 --> unlink(../public/uploads/1676295389_8ff804aaa71eff84fea4.jpg): No such file or directory
in APPPATH\Controllers\Libros.php on line 45.
 1 [internal function]: CodeIgniter\Debug\Exceptions->errorHandler(2, 'unlink(../public/uploads/1676295389_8ff804aaa71eff84fea4.jpg): No such file or directory', 'APPPATH\\Controllers\\Libros.php', 45)
 2 APPPATH\Controllers\Libros.php(45): unlink('../public/uploads/1676295389_8ff804aaa71eff84fea4.jpg')
 3 SYSTEMPATH\CodeIgniter.php(934): App\Controllers\Libros->borrar('11')
 4 SYSTEMPATH\CodeIgniter.php(499): CodeIgniter\CodeIgniter->runController(Object(App\Controllers\Libros))
 5 SYSTEMPATH\CodeIgniter.php(368): CodeIgniter\CodeIgniter->handleRequest(null, Object(Config\Cache), false)
 6 FCPATH\index.php(67): CodeIgniter\CodeIgniter->run()
CRITICAL - 2023-02-13 13:39:20 --> unlink(../public/uploads/1676295389_8ff804aaa71eff84fea4.jpg): No such file or directory
in APPPATH\Controllers\Libros.php on line 45.
 1 [internal function]: CodeIgniter\Debug\Exceptions->errorHandler(2, 'unlink(../public/uploads/1676295389_8ff804aaa71eff84fea4.jpg): No such file or directory', 'APPPATH\\Controllers\\Libros.php', 45)
 2 APPPATH\Controllers\Libros.php(45): unlink('../public/uploads/1676295389_8ff804aaa71eff84fea4.jpg')
 3 SYSTEMPATH\CodeIgniter.php(934): App\Controllers\Libros->borrar('11')
 4 SYSTEMPATH\CodeIgniter.php(499): CodeIgniter\CodeIgniter->runController(Object(App\Controllers\Libros))
 5 SYSTEMPATH\CodeIgniter.php(368): CodeIgniter\CodeIgniter->handleRequest(null, Object(Config\Cache), false)
 6 FCPATH\index.php(67): CodeIgniter\CodeIgniter->run()
CRITICAL - 2023-02-13 13:39:37 --> unlink(./public/uploads/1676295389_8ff804aaa71eff84fea4.jpg): No such file or directory
in APPPATH\Controllers\Libros.php on line 45.
 1 [internal function]: CodeIgniter\Debug\Exceptions->errorHandler(2, 'unlink(./public/uploads/1676295389_8ff804aaa71eff84fea4.jpg): No such file or directory', 'APPPATH\\Controllers\\Libros.php', 45)
 2 APPPATH\Controllers\Libros.php(45): unlink('./public/uploads/1676295389_8ff804aaa71eff84fea4.jpg')
 3 SYSTEMPATH\CodeIgniter.php(934): App\Controllers\Libros->borrar('11')
 4 SYSTEMPATH\CodeIgniter.php(499): CodeIgniter\CodeIgniter->runController(Object(App\Controllers\Libros))
 5 SYSTEMPATH\CodeIgniter.php(368): CodeIgniter\CodeIgniter->handleRequest(null, Object(Config\Cache), false)
 6 FCPATH\index.php(67): CodeIgniter\CodeIgniter->run()
CRITICAL - 2023-02-13 13:39:48 --> unlink(public/uploads/1676295389_8ff804aaa71eff84fea4.jpg): No such file or directory
in APPPATH\Controllers\Libros.php on line 45.
 1 [internal function]: CodeIgniter\Debug\Exceptions->errorHandler(2, 'unlink(public/uploads/1676295389_8ff804aaa71eff84fea4.jpg): No such file or directory', 'APPPATH\\Controllers\\Libros.php', 45)
 2 APPPATH\Controllers\Libros.php(45): unlink('public/uploads/1676295389_8ff804aaa71eff84fea4.jpg')
 3 SYSTEMPATH\CodeIgniter.php(934): App\Controllers\Libros->borrar('11')
 4 SYSTEMPATH\CodeIgniter.php(499): CodeIgniter\CodeIgniter->runController(Object(App\Controllers\Libros))
 5 SYSTEMPATH\CodeIgniter.php(368): CodeIgniter\CodeIgniter->handleRequest(null, Object(Config\Cache), false)
 6 FCPATH\index.php(67): CodeIgniter\CodeIgniter->run()
CRITICAL - 2023-02-13 13:40:42 --> unlink(../public/uploads/$nuevoNombre/1676295389_8ff804aaa71eff84fea4.jpg): No such file or directory
in APPPATH\Controllers\Libros.php on line 45.
 1 [internal function]: CodeIgniter\Debug\Exceptions->errorHandler(2, 'unlink(../public/uploads/$nuevoNombre/1676295389_8ff804aaa71eff84fea4.jpg): No such file or directory', 'APPPATH\\Controllers\\Libros.php', 45)
 2 APPPATH\Controllers\Libros.php(45): unlink('../public/uploads/$nuevoNombre/1676295389_8ff804aaa71eff84fea4.jpg')
 3 SYSTEMPATH\CodeIgniter.php(934): App\Controllers\Libros->borrar('11')
 4 SYSTEMPATH\CodeIgniter.php(499): CodeIgniter\CodeIgniter->runController(Object(App\Controllers\Libros))
 5 SYSTEMPATH\CodeIgniter.php(368): CodeIgniter\CodeIgniter->handleRequest(null, Object(Config\Cache), false)
 6 FCPATH\index.php(67): CodeIgniter\CodeIgniter->run()
CRITICAL - 2023-02-13 13:40:46 --> unlink(../public/uploads/$nuevoNombre/1676295389_8ff804aaa71eff84fea4.jpg): No such file or directory
in APPPATH\Controllers\Libros.php on line 45.
 1 [internal function]: CodeIgniter\Debug\Exceptions->errorHandler(2, 'unlink(../public/uploads/$nuevoNombre/1676295389_8ff804aaa71eff84fea4.jpg): No such file or directory', 'APPPATH\\Controllers\\Libros.php', 45)
 2 APPPATH\Controllers\Libros.php(45): unlink('../public/uploads/$nuevoNombre/1676295389_8ff804aaa71eff84fea4.jpg')
 3 SYSTEMPATH\CodeIgniter.php(934): App\Controllers\Libros->borrar('11')
 4 SYSTEMPATH\CodeIgniter.php(499): CodeIgniter\CodeIgniter->runController(Object(App\Controllers\Libros))
 5 SYSTEMPATH\CodeIgniter.php(368): CodeIgniter\CodeIgniter->handleRequest(null, Object(Config\Cache), false)
 6 FCPATH\index.php(67): CodeIgniter\CodeIgniter->run()
CRITICAL - 2023-02-13 13:42:27 --> unlink(../public/uploads/1676295744_55d4322ff891add9f06e.jpg): No such file or directory
in APPPATH\Controllers\Libros.php on line 45.
 1 [internal function]: CodeIgniter\Debug\Exceptions->errorHandler(2, 'unlink(../public/uploads/1676295744_55d4322ff891add9f06e.jpg): No such file or directory', 'APPPATH\\Controllers\\Libros.php', 45)
 2 APPPATH\Controllers\Libros.php(45): unlink('../public/uploads/1676295744_55d4322ff891add9f06e.jpg')
 3 SYSTEMPATH\CodeIgniter.php(934): App\Controllers\Libros->borrar('12')
 4 SYSTEMPATH\CodeIgniter.php(499): CodeIgniter\CodeIgniter->runController(Object(App\Controllers\Libros))
 5 SYSTEMPATH\CodeIgniter.php(368): CodeIgniter\CodeIgniter->handleRequest(null, Object(Config\Cache), false)
 6 FCPATH\index.php(67): CodeIgniter\CodeIgniter->run()
CRITICAL - 2023-02-13 13:43:41 --> unlink(../public/uploads/$nuevoNombre/1676295744_55d4322ff891add9f06e.jpg): No such file or directory
in APPPATH\Controllers\Libros.php on line 45.
 1 [internal function]: CodeIgniter\Debug\Exceptions->errorHandler(2, 'unlink(../public/uploads/$nuevoNombre/1676295744_55d4322ff891add9f06e.jpg): No such file or directory', 'APPPATH\\Controllers\\Libros.php', 45)
 2 APPPATH\Controllers\Libros.php(45): unlink('../public/uploads/$nuevoNombre/1676295744_55d4322ff891add9f06e.jpg')
 3 SYSTEMPATH\CodeIgniter.php(934): App\Controllers\Libros->borrar('12')
 4 SYSTEMPATH\CodeIgniter.php(499): CodeIgniter\CodeIgniter->runController(Object(App\Controllers\Libros))
 5 SYSTEMPATH\CodeIgniter.php(368): CodeIgniter\CodeIgniter->handleRequest(null, Object(Config\Cache), false)
 6 FCPATH\index.php(67): CodeIgniter\CodeIgniter->run()
CRITICAL - 2023-02-13 13:48:57 --> unlink(../public/uploads/Imagen Jpg): No such file or directory
in APPPATH\Controllers\Libros.php on line 45.
 1 [internal function]: CodeIgniter\Debug\Exceptions->errorHandler(2, 'unlink(../public/uploads/Imagen Jpg): No such file or directory', 'APPPATH\\Controllers\\Libros.php', 45)
 2 APPPATH\Controllers\Libros.php(45): unlink('../public/uploads/Imagen Jpg')
 3 SYSTEMPATH\CodeIgniter.php(934): App\Controllers\Libros->borrar('1')
 4 SYSTEMPATH\CodeIgniter.php(499): CodeIgniter\CodeIgniter->runController(Object(App\Controllers\Libros))
 5 SYSTEMPATH\CodeIgniter.php(368): CodeIgniter\CodeIgniter->handleRequest(null, Object(Config\Cache), false)
 6 FCPATH\index.php(67): CodeIgniter\CodeIgniter->run()
CRITICAL - 2023-02-13 13:51:27 --> The original file is not a valid file.
in SYSTEMPATH\HTTP\Files\UploadedFile.php on line 137.
 1 SYSTEMPATH\HTTP\Files\UploadedFile.php(137): CodeIgniter\HTTP\Exceptions\HTTPException::forInvalidFile()
 2 APPPATH\Controllers\Libros.php(26): CodeIgniter\HTTP\Files\UploadedFile->move('FCPATH\\uploads', '1676296287_213773eb82831b187e42')
 3 SYSTEMPATH\CodeIgniter.php(934): App\Controllers\Libros->guardar()
 4 SYSTEMPATH\CodeIgniter.php(499): CodeIgniter\CodeIgniter->runController(Object(App\Controllers\Libros))
 5 SYSTEMPATH\CodeIgniter.php(368): CodeIgniter\CodeIgniter->handleRequest(null, Object(Config\Cache), false)
 6 FCPATH\index.php(67): CodeIgniter\CodeIgniter->run()
CRITICAL - 2023-02-13 16:37:16 --> Undefined variable $nombre
in APPPATH\Views\libros\listar.php on line 22.
 1 APPPATH\Views\libros\listar.php(22): CodeIgniter\Debug\Exceptions->errorHandler(2, 'Undefined variable $nombre', 'APPPATH\\Views\\libros\\listar.php', 22)
 2 SYSTEMPATH\View\View.php(213): include('APPPATH\\Views\\libros\\listar.php')
 3 SYSTEMPATH\View\View.php(216): CodeIgniter\View\View->CodeIgniter\View\{closure}()
 4 SYSTEMPATH\Common.php(1177): CodeIgniter\View\View->render('libros/listar', [], true)
 5 APPPATH\Controllers\Libros.php(12): view('libros/listar', [...])
 6 SYSTEMPATH\CodeIgniter.php(934): App\Controllers\Libros->index()
 7 SYSTEMPATH\CodeIgniter.php(499): CodeIgniter\CodeIgniter->runController(Object(App\Controllers\Libros))
 8 SYSTEMPATH\CodeIgniter.php(368): CodeIgniter\CodeIgniter->handleRequest(null, Object(Config\Cache), false)
 9 FCPATH\index.php(67): CodeIgniter\CodeIgniter->run()
CRITICAL - 2023-02-13 17:33:34 --> syntax error, unexpected variable "$libro"
in APPPATH\Controllers\Libros.php on line 66.
 1 SYSTEMPATH\Autoloader\Autoloader.php(289): CodeIgniter\Autoloader\Autoloader->includeFile('APPPATH\\Controllers\\Libros.php')
 2 SYSTEMPATH\Autoloader\Autoloader.php(267): CodeIgniter\Autoloader\Autoloader->loadInNamespace('App\\Controllers\\Libros')
 3 [internal function]: CodeIgniter\Autoloader\Autoloader->loadClass('App\\Controllers\\Libros')
 4 SYSTEMPATH\CodeIgniter.php(892): class_exists('\\App\\Controllers\\Libros', true)
 5 SYSTEMPATH\CodeIgniter.php(486): CodeIgniter\CodeIgniter->startController()
 6 SYSTEMPATH\CodeIgniter.php(368): CodeIgniter\CodeIgniter->handleRequest(null, Object(Config\Cache), false)
 7 FCPATH\index.php(67): CodeIgniter\CodeIgniter->run()
CRITICAL - 2023-02-13 17:51:52 --> syntax error, unexpected token "}"
in APPPATH\Controllers\Libros.php on line 68.
 1 SYSTEMPATH\Autoloader\Autoloader.php(289): CodeIgniter\Autoloader\Autoloader->includeFile('APPPATH\\Controllers\\Libros.php')
 2 SYSTEMPATH\Autoloader\Autoloader.php(267): CodeIgniter\Autoloader\Autoloader->loadInNamespace('App\\Controllers\\Libros')
 3 [internal function]: CodeIgniter\Autoloader\Autoloader->loadClass('App\\Controllers\\Libros')
 4 SYSTEMPATH\CodeIgniter.php(892): class_exists('\\App\\Controllers\\Libros', true)
 5 SYSTEMPATH\CodeIgniter.php(486): CodeIgniter\CodeIgniter->startController()
 6 SYSTEMPATH\CodeIgniter.php(368): CodeIgniter\CodeIgniter->handleRequest(null, Object(Config\Cache), false)
 7 FCPATH\index.php(67): CodeIgniter\CodeIgniter->run()
CRITICAL - 2023-02-13 18:10:08 --> Trying to access array offset on value of type null
in APPPATH\Controllers\Libros.php on line 78.
 1 APPPATH\Controllers\Libros.php(78): CodeIgniter\Debug\Exceptions->errorHandler(2, 'Trying to access array offset on value of type null', 'APPPATH\\Controllers\\Libros.php', 78)
 2 SYSTEMPATH\CodeIgniter.php(934): App\Controllers\Libros->actualizar()
 3 SYSTEMPATH\CodeIgniter.php(499): CodeIgniter\CodeIgniter->runController(Object(App\Controllers\Libros))
 4 SYSTEMPATH\CodeIgniter.php(368): CodeIgniter\CodeIgniter->handleRequest(null, Object(Config\Cache), false)
 5 FCPATH\index.php(67): CodeIgniter\CodeIgniter->run()
CRITICAL - 2023-02-13 18:12:37 --> Trying to access array offset on value of type null
in APPPATH\Controllers\Libros.php on line 78.
 1 APPPATH\Controllers\Libros.php(78): CodeIgniter\Debug\Exceptions->errorHandler(2, 'Trying to access array offset on value of type null', 'APPPATH\\Controllers\\Libros.php', 78)
 2 SYSTEMPATH\CodeIgniter.php(934): App\Controllers\Libros->actualizar()
 3 SYSTEMPATH\CodeIgniter.php(499): CodeIgniter\CodeIgniter->runController(Object(App\Controllers\Libros))
 4 SYSTEMPATH\CodeIgniter.php(368): CodeIgniter\CodeIgniter->handleRequest(null, Object(Config\Cache), false)
 5 FCPATH\index.php(67): CodeIgniter\CodeIgniter->run()
CRITICAL - 2023-02-13 18:12:43 --> Trying to access array offset on value of type null
in APPPATH\Controllers\Libros.php on line 78.
 1 APPPATH\Controllers\Libros.php(78): CodeIgniter\Debug\Exceptions->errorHandler(2, 'Trying to access array offset on value of type null', 'APPPATH\\Controllers\\Libros.php', 78)
 2 SYSTEMPATH\CodeIgniter.php(934): App\Controllers\Libros->actualizar()
 3 SYSTEMPATH\CodeIgniter.php(499): CodeIgniter\CodeIgniter->runController(Object(App\Controllers\Libros))
 4 SYSTEMPATH\CodeIgniter.php(368): CodeIgniter\CodeIgniter->handleRequest(null, Object(Config\Cache), false)
 5 FCPATH\index.php(67): CodeIgniter\CodeIgniter->run()
CRITICAL - 2023-02-13 18:14:06 --> Trying to access array offset on value of type null
in APPPATH\Controllers\Libros.php on line 78.
 1 APPPATH\Controllers\Libros.php(78): CodeIgniter\Debug\Exceptions->errorHandler(2, 'Trying to access array offset on value of type null', 'APPPATH\\Controllers\\Libros.php', 78)
 2 SYSTEMPATH\CodeIgniter.php(934): App\Controllers\Libros->actualizar()
 3 SYSTEMPATH\CodeIgniter.php(499): CodeIgniter\CodeIgniter->runController(Object(App\Controllers\Libros))
 4 SYSTEMPATH\CodeIgniter.php(368): CodeIgniter\CodeIgniter->handleRequest(null, Object(Config\Cache), false)
 5 FCPATH\index.php(67): CodeIgniter\CodeIgniter->run()
CRITICAL - 2023-02-13 18:14:13 --> Trying to access array offset on value of type null
in APPPATH\Controllers\Libros.php on line 78.
 1 APPPATH\Controllers\Libros.php(78): CodeIgniter\Debug\Exceptions->errorHandler(2, 'Trying to access array offset on value of type null', 'APPPATH\\Controllers\\Libros.php', 78)
 2 SYSTEMPATH\CodeIgniter.php(934): App\Controllers\Libros->actualizar()
 3 SYSTEMPATH\CodeIgniter.php(499): CodeIgniter\CodeIgniter->runController(Object(App\Controllers\Libros))
 4 SYSTEMPATH\CodeIgniter.php(368): CodeIgniter\CodeIgniter->handleRequest(null, Object(Config\Cache), false)
 5 FCPATH\index.php(67): CodeIgniter\CodeIgniter->run()
CRITICAL - 2023-02-13 18:14:21 --> Trying to access array offset on value of type null
in APPPATH\Controllers\Libros.php on line 78.
 1 APPPATH\Controllers\Libros.php(78): CodeIgniter\Debug\Exceptions->errorHandler(2, 'Trying to access array offset on value of type null', 'APPPATH\\Controllers\\Libros.php', 78)
 2 SYSTEMPATH\CodeIgniter.php(934): App\Controllers\Libros->actualizar()
 3 SYSTEMPATH\CodeIgniter.php(499): CodeIgniter\CodeIgniter->runController(Object(App\Controllers\Libros))
 4 SYSTEMPATH\CodeIgniter.php(368): CodeIgniter\CodeIgniter->handleRequest(null, Object(Config\Cache), false)
 5 FCPATH\index.php(67): CodeIgniter\CodeIgniter->run()
CRITICAL - 2023-02-13 18:23:46 --> Trying to access array offset on value of type null
in APPPATH\Controllers\Libros.php on line 78.
 1 APPPATH\Controllers\Libros.php(78): CodeIgniter\Debug\Exceptions->errorHandler(2, 'Trying to access array offset on value of type null', 'APPPATH\\Controllers\\Libros.php', 78)
 2 SYSTEMPATH\CodeIgniter.php(934): App\Controllers\Libros->actualizar()
 3 SYSTEMPATH\CodeIgniter.php(499): CodeIgniter\CodeIgniter->runController(Object(App\Controllers\Libros))
 4 SYSTEMPATH\CodeIgniter.php(368): CodeIgniter\CodeIgniter->handleRequest(null, Object(Config\Cache), false)
 5 FCPATH\index.php(67): CodeIgniter\CodeIgniter->run()
CRITICAL - 2023-02-13 18:23:53 --> Trying to access array offset on value of type null
in APPPATH\Controllers\Libros.php on line 78.
 1 APPPATH\Controllers\Libros.php(78): CodeIgniter\Debug\Exceptions->errorHandler(2, 'Trying to access array offset on value of type null', 'APPPATH\\Controllers\\Libros.php', 78)
 2 SYSTEMPATH\CodeIgniter.php(934): App\Controllers\Libros->actualizar()
 3 SYSTEMPATH\CodeIgniter.php(499): CodeIgniter\CodeIgniter->runController(Object(App\Controllers\Libros))
 4 SYSTEMPATH\CodeIgniter.php(368): CodeIgniter\CodeIgniter->handleRequest(null, Object(Config\Cache), false)
 5 FCPATH\index.php(67): CodeIgniter\CodeIgniter->run()
CRITICAL - 2023-02-13 18:24:09 --> Trying to access array offset on value of type null
in APPPATH\Controllers\Libros.php on line 78.
 1 APPPATH\Controllers\Libros.php(78): CodeIgniter\Debug\Exceptions->errorHandler(2, 'Trying to access array offset on value of type null', 'APPPATH\\Controllers\\Libros.php', 78)
 2 SYSTEMPATH\CodeIgniter.php(934): App\Controllers\Libros->actualizar()
 3 SYSTEMPATH\CodeIgniter.php(499): CodeIgniter\CodeIgniter->runController(Object(App\Controllers\Libros))
 4 SYSTEMPATH\CodeIgniter.php(368): CodeIgniter\CodeIgniter->handleRequest(null, Object(Config\Cache), false)
 5 FCPATH\index.php(67): CodeIgniter\CodeIgniter->run()
CRITICAL - 2023-02-13 18:25:30 --> Trying to access array offset on value of type null
in APPPATH\Controllers\Libros.php on line 78.
 1 APPPATH\Controllers\Libros.php(78): CodeIgniter\Debug\Exceptions->errorHandler(2, 'Trying to access array offset on value of type null', 'APPPATH\\Controllers\\Libros.php', 78)
 2 SYSTEMPATH\CodeIgniter.php(934): App\Controllers\Libros->actualizar()
 3 SYSTEMPATH\CodeIgniter.php(499): CodeIgniter\CodeIgniter->runController(Object(App\Controllers\Libros))
 4 SYSTEMPATH\CodeIgniter.php(368): CodeIgniter\CodeIgniter->handleRequest(null, Object(Config\Cache), false)
 5 FCPATH\index.php(67): CodeIgniter\CodeIgniter->run()
CRITICAL - 2023-02-13 18:27:49 --> syntax error, unexpected token "}", expecting "," or ";"
in APPPATH\Controllers\Libros.php on line 85.
 1 SYSTEMPATH\Autoloader\Autoloader.php(289): CodeIgniter\Autoloader\Autoloader->includeFile('APPPATH\\Controllers\\Libros.php')
 2 SYSTEMPATH\Autoloader\Autoloader.php(267): CodeIgniter\Autoloader\Autoloader->loadInNamespace('App\\Controllers\\Libros')
 3 [internal function]: CodeIgniter\Autoloader\Autoloader->loadClass('App\\Controllers\\Libros')
 4 SYSTEMPATH\CodeIgniter.php(892): class_exists('\\App\\Controllers\\Libros', true)
 5 SYSTEMPATH\CodeIgniter.php(486): CodeIgniter\CodeIgniter->startController()
 6 SYSTEMPATH\CodeIgniter.php(368): CodeIgniter\CodeIgniter->handleRequest(null, Object(Config\Cache), false)
 7 FCPATH\index.php(67): CodeIgniter\CodeIgniter->run()
CRITICAL - 2023-02-13 18:27:51 --> syntax error, unexpected token "}", expecting "," or ";"
in APPPATH\Controllers\Libros.php on line 85.
 1 SYSTEMPATH\Autoloader\Autoloader.php(289): CodeIgniter\Autoloader\Autoloader->includeFile('APPPATH\\Controllers\\Libros.php')
 2 SYSTEMPATH\Autoloader\Autoloader.php(267): CodeIgniter\Autoloader\Autoloader->loadInNamespace('App\\Controllers\\Libros')
 3 [internal function]: CodeIgniter\Autoloader\Autoloader->loadClass('App\\Controllers\\Libros')
 4 SYSTEMPATH\CodeIgniter.php(892): class_exists('\\App\\Controllers\\Libros', true)
 5 SYSTEMPATH\CodeIgniter.php(486): CodeIgniter\CodeIgniter->startController()
 6 SYSTEMPATH\CodeIgniter.php(368): CodeIgniter\CodeIgniter->handleRequest(null, Object(Config\Cache), false)
 7 FCPATH\index.php(67): CodeIgniter\CodeIgniter->run()
CRITICAL - 2023-02-13 18:27:59 --> syntax error, unexpected token "}", expecting "," or ";"
in APPPATH\Controllers\Libros.php on line 85.
 1 SYSTEMPATH\Autoloader\Autoloader.php(289): CodeIgniter\Autoloader\Autoloader->includeFile('APPPATH\\Controllers\\Libros.php')
 2 SYSTEMPATH\Autoloader\Autoloader.php(267): CodeIgniter\Autoloader\Autoloader->loadInNamespace('App\\Controllers\\Libros')
 3 [internal function]: CodeIgniter\Autoloader\Autoloader->loadClass('App\\Controllers\\Libros')
 4 SYSTEMPATH\CodeIgniter.php(892): class_exists('\\App\\Controllers\\Libros', true)
 5 SYSTEMPATH\CodeIgniter.php(486): CodeIgniter\CodeIgniter->startController()
 6 SYSTEMPATH\CodeIgniter.php(368): CodeIgniter\CodeIgniter->handleRequest(null, Object(Config\Cache), false)
 7 FCPATH\index.php(67): CodeIgniter\CodeIgniter->run()
CRITICAL - 2023-02-13 18:29:57 --> Trying to access array offset on value of type null
in APPPATH\Controllers\Libros.php on line 78.
 1 APPPATH\Controllers\Libros.php(78): CodeIgniter\Debug\Exceptions->errorHandler(2, 'Trying to access array offset on value of type null', 'APPPATH\\Controllers\\Libros.php', 78)
 2 SYSTEMPATH\CodeIgniter.php(934): App\Controllers\Libros->actualizar()
 3 SYSTEMPATH\CodeIgniter.php(499): CodeIgniter\CodeIgniter->runController(Object(App\Controllers\Libros))
 4 SYSTEMPATH\CodeIgniter.php(368): CodeIgniter\CodeIgniter->handleRequest(null, Object(Config\Cache), false)
 5 FCPATH\index.php(67): CodeIgniter\CodeIgniter->run()
